[2020-07-27 15:59:35][INFO|243] 서버가 정상적으로 시작되었습니다.
[2020-07-27 15:59:35][INFO|244] 검색 디폴트 날짜 : 20200730
[2020-07-27 15:59:35][INFO|91] CGV 검색 시작 날짜 : 20200731
[2020-07-27 15:59:35][INFO|180] 메가박스 검색 시작 날짜 : 20200801
[2020-07-27 15:59:35][INFO|187] Megabox 코엑스 DBC Not Found (20200801)
[2020-07-27 15:59:35][INFO|96] CGV 용산 IMAX Not Found (20200731)
[2020-07-27 16:00:05][INFO|187] Megabox 코엑스 DBC Not Found (20200801)
[2020-07-27 16:00:05][INFO|96] CGV 용산 IMAX Not Found (20200731)
[2020-07-28 11:34:39][INFO|119] 서버가 정상적으로 시작되었습니다.
[2020-07-28 11:34:39][INFO|120] 검색 디폴트 날짜 : 20200727
[2020-07-28 11:34:39][INFO|55] 메가박스 검색 시작 날짜 : 20200727
[2020-07-28 11:34:39][INFO|127] Server Exit
[2020-07-28 11:36:18][INFO|120] 서버가 정상적으로 시작되었습니다.
[2020-07-28 11:36:18][INFO|121] 검색 디폴트 날짜 : 20200727
[2020-07-28 11:36:18][INFO|56] 메가박스 검색 시작 날짜 : 20200727
[2020-07-28 11:36:18][INFO|128] Server Exit
[2020-07-28 11:37:53][INFO|120] 서버가 정상적으로 시작되었습니다.
[2020-07-28 11:37:53][INFO|121] 검색 디폴트 날짜 : 20200727
[2020-07-28 11:37:53][INFO|56] 메가박스 검색 시작 날짜 : 20200727
[2020-07-28 11:37:54][INFO|128] Server Exit
[2020-07-28 11:47:12][INFO|120] 서버가 정상적으로 시작되었습니다.
[2020-07-28 11:47:12][INFO|121] 검색 디폴트 날짜 : 20200727
[2020-07-28 11:47:12][INFO|56] 메가박스 검색 시작 날짜 : 20200727
[2020-07-28 11:47:12][INFO|128] Server Exit
[2020-07-28 11:47:55][INFO|120] 서버가 정상적으로 시작되었습니다.
[2020-07-28 11:47:55][INFO|121] 검색 디폴트 날짜 : 20200727
[2020-07-28 11:47:55][INFO|56] 메가박스 검색 시작 날짜 : 20200727
[2020-07-28 11:47:55][INFO|128] Server Exit
[2020-07-28 11:48:10][INFO|120] 서버가 정상적으로 시작되었습니다.
[2020-07-28 11:48:10][INFO|121] 검색 디폴트 날짜 : 20200727
[2020-07-28 11:48:10][INFO|56] 메가박스 검색 시작 날짜 : 20200727
[2020-07-28 11:48:10][INFO|128] Server Exit
[2020-07-28 11:48:29][INFO|120] 서버가 정상적으로 시작되었습니다.
[2020-07-28 11:48:29][INFO|121] 검색 디폴트 날짜 : 20200728
[2020-07-28 11:48:29][INFO|56] 메가박스 검색 시작 날짜 : 20200728
[2020-07-28 11:48:29][INFO|128] Server Exit
[2020-07-28 11:51:03][INFO|121] 서버가 정상적으로 시작되었습니다.
[2020-07-28 11:51:03][INFO|122] 검색 디폴트 날짜 : 20200728
[2020-07-28 11:51:03][INFO|57] 메가박스 검색 시작 날짜 : 20200728
[2020-07-28 11:51:04][INFO|67] 롯데시네마 월드타워 수퍼플렉스 G Found (20200728)
[2020-07-28 11:51:04][INFO|67] 롯데시네마 월드타워 수퍼플렉스 G Found (20200729)
[2020-07-28 11:51:04][INFO|67] 롯데시네마 월드타워 수퍼플렉스 G Found (20200730)
[2020-07-28 11:51:05][INFO|67] 롯데시네마 월드타워 수퍼플렉스 G Found (20200731)
[2020-07-28 11:51:05][INFO|67] 롯데시네마 월드타워 수퍼플렉스 G Found (20200801)
[2020-07-28 11:51:05][INFO|67] 롯데시네마 월드타워 수퍼플렉스 G Found (20200802)
[2020-07-28 11:51:05][INFO|67] 롯데시네마 월드타워 수퍼플렉스 G Found (20200803)
[2020-07-28 11:51:05][INFO|67] 롯데시네마 월드타워 수퍼플렉스 G Found (20200804)
[2020-07-28 11:51:05][INFO|67] 롯데시네마 월드타워 수퍼플렉스 G Found (20200805)
[2020-07-28 11:51:06][INFO|67] 롯데시네마 월드타워 수퍼플렉스 G Found (20200806)
[2020-07-28 11:51:06][INFO|67] 롯데시네마 월드타워 수퍼플렉스 G Found (20200807)
[2020-07-28 11:51:06][INFO|67] 롯데시네마 월드타워 수퍼플렉스 G Found (20200808)
[2020-07-28 11:51:06][INFO|67] 롯데시네마 월드타워 수퍼플렉스 G Found (20200809)
[2020-07-28 11:51:06][INFO|64] 롯데시네마 월드타워 수퍼플렉스 G Not Found (20200810)
[2020-07-28 11:51:21][INFO|121] 서버가 정상적으로 시작되었습니다.
[2020-07-28 11:51:21][INFO|122] 검색 디폴트 날짜 : 20200728
[2020-07-28 11:51:21][INFO|57] 메가박스 검색 시작 날짜 : 20200810
[2020-07-28 11:51:22][INFO|64] 롯데시네마 월드타워 수퍼플렉스 G Not Found (20200810)
[2020-07-28 11:52:03][INFO|120] 서버가 정상적으로 시작되었습니다.
[2020-07-28 11:52:03][INFO|121] 검색 디폴트 날짜 : 20200728
[2020-07-28 11:52:03][INFO|56] 메가박스 검색 시작 날짜 : 20200728
[2020-07-28 11:52:03][INFO|66] 롯데시네마 월드타워 수퍼플렉스 G Found (20200728)
[2020-07-28 11:52:03][INFO|66] 롯데시네마 월드타워 수퍼플렉스 G Found (20200729)
[2020-07-28 11:52:04][INFO|66] 롯데시네마 월드타워 수퍼플렉스 G Found (20200730)
[2020-07-28 11:52:04][INFO|66] 롯데시네마 월드타워 수퍼플렉스 G Found (20200731)
[2020-07-28 11:52:04][INFO|66] 롯데시네마 월드타워 수퍼플렉스 G Found (20200801)
[2020-07-28 11:52:04][INFO|66] 롯데시네마 월드타워 수퍼플렉스 G Found (20200802)
[2020-07-28 11:52:04][INFO|66] 롯데시네마 월드타워 수퍼플렉스 G Found (20200803)
[2020-07-28 11:52:05][INFO|66] 롯데시네마 월드타워 수퍼플렉스 G Found (20200804)
[2020-07-28 11:52:05][INFO|66] 롯데시네마 월드타워 수퍼플렉스 G Found (20200805)
[2020-07-28 11:52:05][INFO|66] 롯데시네마 월드타워 수퍼플렉스 G Found (20200806)
[2020-07-28 11:52:05][INFO|66] 롯데시네마 월드타워 수퍼플렉스 G Found (20200807)
[2020-07-28 11:52:06][INFO|66] 롯데시네마 월드타워 수퍼플렉스 G Found (20200808)
[2020-07-28 11:52:06][INFO|66] 롯데시네마 월드타워 수퍼플렉스 G Found (20200809)
[2020-07-28 11:52:06][INFO|63] 롯데시네마 월드타워 수퍼플렉스 G Not Found (20200810)
[2020-07-28 11:55:45][INFO|125] 서버가 정상적으로 시작되었습니다.
[2020-07-28 11:55:45][INFO|126] 검색 디폴트 날짜 : 20200728
[2020-07-28 11:55:45][INFO|61] 메가박스 검색 시작 날짜 : 20200810
[2020-07-28 11:55:45][INFO|68] 롯데시네마 월드타워 수퍼플렉스 G Not Found (20200810)
[2020-07-28 11:55:55][INFO|125] 서버가 정상적으로 시작되었습니다.
[2020-07-28 11:55:55][INFO|126] 검색 디폴트 날짜 : 20200728
[2020-07-28 11:55:55][INFO|61] 메가박스 검색 시작 날짜 : 20200728
[2020-07-28 11:55:56][INFO|68] 롯데시네마 월드타워 수퍼플렉스 G Not Found (20200728)
[2020-07-28 11:56:26][INFO|68] 롯데시네마 월드타워 수퍼플렉스 G Not Found (20200728)
[2020-07-28 11:56:56][INFO|68] 롯데시네마 월드타워 수퍼플렉스 G Not Found (20200728)
[2020-07-28 11:57:09][INFO|125] 서버가 정상적으로 시작되었습니다.
[2020-07-28 11:57:09][INFO|126] 검색 디폴트 날짜 : 20200728
[2020-07-28 11:57:09][INFO|61] 메가박스 검색 시작 날짜 : 20200728
[2020-07-28 11:57:09][INFO|68] 롯데시네마 월드타워 수퍼플렉스 G Not Found (20200728)
[2020-07-28 11:57:21][INFO|127] 서버가 정상적으로 시작되었습니다.
[2020-07-28 11:57:21][INFO|128] 검색 디폴트 날짜 : 20200728
[2020-07-28 11:57:21][INFO|63] 메가박스 검색 시작 날짜 : 20200728
[2020-07-28 11:57:22][INFO|70] 롯데시네마 월드타워 수퍼플렉스 G Not Found (20200728)
[2020-07-28 11:57:37][INFO|128] 서버가 정상적으로 시작되었습니다.
[2020-07-28 11:57:37][INFO|129] 검색 디폴트 날짜 : 20200728
[2020-07-28 11:57:37][INFO|64] 메가박스 검색 시작 날짜 : 20200728
[2020-07-28 11:57:37][INFO|71] 롯데시네마 월드타워 수퍼플렉스 G Not Found (20200728)
[2020-07-28 11:58:09][INFO|128] 서버가 정상적으로 시작되었습니다.
[2020-07-28 11:58:09][INFO|129] 검색 디폴트 날짜 : 20200728
[2020-07-28 11:58:09][INFO|64] 메가박스 검색 시작 날짜 : 20200728
[2020-07-28 11:58:10][INFO|74] 롯데시네마 월드타워 수퍼플렉스 G Found (20200728)
[2020-07-28 11:58:10][INFO|74] 롯데시네마 월드타워 수퍼플렉스 G Found (20200729)
[2020-07-28 11:58:10][INFO|74] 롯데시네마 월드타워 수퍼플렉스 G Found (20200730)
[2020-07-28 11:58:11][INFO|74] 롯데시네마 월드타워 수퍼플렉스 G Found (20200731)
[2020-07-28 11:58:11][INFO|74] 롯데시네마 월드타워 수퍼플렉스 G Found (20200801)
[2020-07-28 11:58:11][INFO|74] 롯데시네마 월드타워 수퍼플렉스 G Found (20200802)
[2020-07-28 11:58:11][INFO|74] 롯데시네마 월드타워 수퍼플렉스 G Found (20200803)
[2020-07-28 11:58:11][INFO|74] 롯데시네마 월드타워 수퍼플렉스 G Found (20200804)
[2020-07-28 11:59:46][INFO|126] 서버가 정상적으로 시작되었습니다.
[2020-07-28 11:59:46][INFO|127] 검색 디폴트 날짜 : 20200728
[2020-07-28 11:59:46][INFO|62] 메가박스 검색 시작 날짜 : 20200805
[2020-07-28 11:59:46][INFO|69] 롯데시네마 월드타워 수퍼플렉스 G Not Found (20200805)
[2020-07-28 12:00:11][INFO|125] 서버가 정상적으로 시작되었습니다.
[2020-07-28 12:00:11][INFO|126] 검색 디폴트 날짜 : 20200728
[2020-07-28 12:00:11][INFO|61] 메가박스 검색 시작 날짜 : 20200728
[2020-07-28 12:00:11][INFO|71] 롯데시네마 월드타워 수퍼플렉스 G Found (20200728)
[2020-07-28 12:00:11][INFO|133] Server Exit
[2020-07-28 12:00:50][INFO|125] 서버가 정상적으로 시작되었습니다.
[2020-07-28 12:00:50][INFO|126] 검색 디폴트 날짜 : 20200728
[2020-07-28 12:00:50][INFO|61] 메가박스 검색 시작 날짜 : 20200728
[2020-07-28 12:00:50][INFO|71] 롯데시네마 월드타워 수퍼플렉스 G Found (20200728)
[2020-07-28 12:00:50][INFO|71] 롯데시네마 월드타워 수퍼플렉스 G Found (20200729)
[2020-07-28 12:00:51][INFO|71] 롯데시네마 월드타워 수퍼플렉스 G Found (20200730)
[2020-07-28 12:00:51][INFO|71] 롯데시네마 월드타워 수퍼플렉스 G Found (20200731)
[2020-07-28 12:00:51][INFO|71] 롯데시네마 월드타워 수퍼플렉스 G Found (20200801)
[2020-07-28 12:00:51][INFO|71] 롯데시네마 월드타워 수퍼플렉스 G Found (20200802)
[2020-07-28 12:00:51][INFO|71] 롯데시네마 월드타워 수퍼플렉스 G Found (20200803)
[2020-07-28 12:00:52][INFO|71] 롯데시네마 월드타워 수퍼플렉스 G Found (20200804)
[2020-07-28 12:00:52][INFO|68] 롯데시네마 월드타워 수퍼플렉스 G Not Found (20200805)
[2020-07-28 13:45:11][INFO|130] 서버가 정상적으로 시작되었습니다.
[2020-07-28 13:45:11][INFO|131] 검색 디폴트 날짜 : 20200728
[2020-07-28 13:45:11][INFO|67] 메가박스 검색 시작 날짜 : 20200805
[2020-07-28 13:45:12][INFO|74] 롯데시네마 월드타워 수퍼플렉스 G Not Found (20200805)
[2020-07-28 13:45:53][INFO|130] 서버가 정상적으로 시작되었습니다.
[2020-07-28 13:45:53][INFO|131] 검색 디폴트 날짜 : 20200801
[2020-07-28 13:45:53][INFO|67] 롯데시네마 검색 시작 날짜 : 20200801
[2020-07-28 13:45:53][INFO|77] 롯데시네마 월드타워 수퍼플렉스 G Found (20200801)
[2020-07-28 13:45:55][INFO|77] 롯데시네마 월드타워 수퍼플렉스 G Found (20200802)
[2020-07-28 13:45:55][INFO|77] 롯데시네마 월드타워 수퍼플렉스 G Found (20200803)
[2020-07-28 13:45:56][INFO|77] 롯데시네마 월드타워 수퍼플렉스 G Found (20200804)
[2020-07-28 13:45:57][INFO|74] 롯데시네마 월드타워 수퍼플렉스 G Not Found (20200805)
[2020-07-28 13:46:27][INFO|74] 롯데시네마 월드타워 수퍼플렉스 G Not Found (20200805)
