[2020-07-27 15:27:17][INFO] 서버가 정상적으로 시작되었습니다.
[2020-07-27 15:27:17][INFO] 검색 시작 날짜 : 20200727
[2020-07-27 15:27:17][INFO] Server Exit
[2020-07-27 15:27:59][INFO] 서버가 정상적으로 시작되었습니다.
[2020-07-27 15:27:59][INFO] 검색 시작 날짜 : 20200727
[2020-07-27 15:27:59][INFO] 메가박스 코엑스 DBC Found (20200727)
[2020-07-27 15:28:01][INFO] 메가박스 코엑스 DBC Found (20200728)
[2020-07-27 15:28:02][INFO] 메가박스 코엑스 DBC Found (20200729)
[2020-07-27 15:28:02][INFO] 메가박스 코엑스 DBC Found (20200730)
[2020-07-27 15:28:03][INFO] 메가박스 코엑스 DBC Found (20200731)
[2020-07-27 15:28:04][INFO] Megabox 코엑스 DBC Not Found (20200801)
[2020-07-27 15:28:21][INFO] 서버가 정상적으로 시작되었습니다.
[2020-07-27 15:28:21][INFO] 검색 시작 날짜 : 20200727
[2020-07-27 15:28:21][INFO] Megabox 코엑스 DBC Not Found (20200801)
[2020-07-27 15:30:51][INFO] 서버가 정상적으로 시작되었습니다.
[2020-07-27 15:30:51][INFO] 메가박스 검색 시작 날짜 : 20200727
[2020-07-27 15:30:51][INFO] 메가박스 코엑스 DBC Found (20200727)
[2020-07-27 15:30:52][INFO] 메가박스 코엑스 DBC Found (20200728)
[2020-07-27 15:30:53][INFO] 메가박스 코엑스 DBC Found (20200729)
[2020-07-27 15:30:53][INFO] 메가박스 코엑스 DBC Found (20200730)
[2020-07-27 15:31:13][INFO] 서버가 정상적으로 시작되었습니다.
[2020-07-27 15:31:13][INFO] 메가박스 검색 시작 날짜 : 20200727
[2020-07-27 15:31:13][INFO] 메가박스 코엑스 DBC Found (20200730)
[2020-07-27 15:31:14][INFO] 메가박스 코엑스 DBC Found (20200731)
[2020-07-27 15:31:15][INFO] 메가박스 코엑스 DBC Not Found (20200801)
[2020-07-27 15:31:45][INFO] 메가박스 코엑스 DBC Not Found (20200801)
[2020-07-27 15:43:15][INFO] 서버가 정상적으로 시작되었습니다.
[2020-07-27 15:43:15][INFO] 메가박스 검색 시작 날짜 : 20200801
[2020-07-27 15:43:15][INFO] 메가박스 코엑스 DBC Not Found (20200801)
